<?xml version="1.0" encoding="UTF-8"?>
<!-- Generated by org.testng.reporters.JUnitXMLReporter -->
<testsuite ignored="0" hostname="DESKTOP-PUKSTHP" failures="0" tests="9" name="Default test" time="43.254" errors="0" timestamp="2025-06-21T01:08:57 PDT">
  <testcase classname="E_commerceSite.E_commerceSite.AppTest" name="signUp" time="2.64"/>
  <testcase classname="E_commerceSite.E_commerceSite.AppTest" name="accountInformation" time="4.748"/>
  <testcase classname="E_commerceSite.E_commerceSite.AppTest" name="searchProducts" time="3.909"/>
  <testcase classname="E_commerceSite.E_commerceSite.AppTest" name="addProduct" time="0.422"/>
  <testcase classname="E_commerceSite.E_commerceSite.AppTest" name="brands" time="5.649"/>
  <testcase classname="E_commerceSite.E_commerceSite.AppTest" name="cartPage" time="9.2"/>
  <testcase classname="E_commerceSite.E_commerceSite.AppTest" name="contactPage" time="4.422"/>
  <testcase classname="E_commerceSite.E_commerceSite.AppTest" name="logoutAndLogin" time="1.794"/>
  <testcase classname="E_commerceSite.E_commerceSite.AppTest" name="deleteAccount" time="6.227"/>
</testsuite> <!-- Default test -->
