<?xml version="1.0" encoding="UTF-8"?>
<!-- Generated by org.testng.reporters.JUnitReportReporter -->
<testsuite hostname="DESKTOP-NO6VRSL" failures="0" tests="9" name="E_commerceSite.E_commerceSite.AppTest" time="60.563" errors="0" timestamp="2026-04-02T21:52:41 EET" skipped="0">
  <testcase classname="E_commerceSite.E_commerceSite.AppTest" name="signUp" time="3.527"/>
  <testcase classname="E_commerceSite.E_commerceSite.AppTest" name="accountInformation" time="9.786"/>
  <testcase classname="E_commerceSite.E_commerceSite.AppTest" name="searchProducts" time="10.272"/>
  <testcase classname="E_commerceSite.E_commerceSite.AppTest" name="addProduct" time="1.260"/>
  <testcase classname="E_commerceSite.E_commerceSite.AppTest" name="brands" time="6.755"/>
  <testcase classname="E_commerceSite.E_commerceSite.AppTest" name="cartPage" time="12.828"/>
  <testcase classname="E_commerceSite.E_commerceSite.AppTest" name="contactPage" time="6.018"/>
  <testcase classname="E_commerceSite.E_commerceSite.AppTest" name="logoutAndLogin" time="5.641"/>
  <testcase classname="E_commerceSite.E_commerceSite.AppTest" name="deleteAccount" time="4.476"/>
</testsuite> <!-- E_commerceSite.E_commerceSite.AppTest -->
